2016-03-06 15:20:01 Notice: Notice (8): Use of undefined constant ぬ - assumed 'ぬ' in [C:\xampp\htdocs\cakephp3\src\Template\Test\index.ctp, line 14]
Trace:
Cake\Error\BaseErrorHandler::handleError() - CORE\src\Error\BaseErrorHandler.php, line 147
include - APP/Template\Test\index.ctp, line 14
Cake\View\View::_evaluate() - CORE\src\View\View.php, line 992
Cake\View\View::_render() - CORE\src\View\View.php, line 952
Cake\View\View::render() - CORE\src\View\View.php, line 587
Cake\Controller\Controller::render() - CORE\src\Controller\Controller.php, line 611
Cake\Routing\Dispatcher::_invoke() - CORE\src\Routing\Dispatcher.php, line 120
Cake\Routing\Dispatcher::dispatch() - CORE\src\Routing\Dispatcher.php, line 87
[main] - ROOT\webroot\index.php, line 37



2016-03-06 15:20:01 Notice: Notice (8): Use of undefined constant ん - assumed 'ん' in [C:\xampp\htdocs\cakephp3\src\Template\Test\index.ctp, line 14]
Trace:
Cake\Error\BaseErrorHandler::handleError() - CORE\src\Error\BaseErrorHandler.php, line 147
include - APP/Template\Test\index.ctp, line 14
Cake\View\View::_evaluate() - CORE\src\View\View.php, line 992
Cake\View\View::_render() - CORE\src\View\View.php, line 952
Cake\View\View::render() - CORE\src\View\View.php, line 587
Cake\Controller\Controller::render() - CORE\src\Controller\Controller.php, line 611
Cake\Routing\Dispatcher::_invoke() - CORE\src\Routing\Dispatcher.php, line 120
Cake\Routing\Dispatcher::dispatch() - CORE\src\Routing\Dispatcher.php, line 87
[main] - ROOT\webroot\index.php, line 37



2016-03-06 18:18:22 Notice: Deprecated (16384): Using key `action` is deprecated, use `url` directly instead. in [C:\xampp\htdocs\cakephp3\vendor\cakephp\cakephp\src\View\Helper\FormHelper.php, line 360]
Trace:
Cake\Error\BaseErrorHandler::handleError() - CORE\src\Error\BaseErrorHandler.php, line 147
Cake\View\Helper\FormHelper::create() - CORE\src\View\Helper\FormHelper.php, line 360
include - APP/Template\PostTable\index.ctp, line 11
Cake\View\View::_evaluate() - CORE\src\View\View.php, line 992
Cake\View\View::_render() - CORE\src\View\View.php, line 952
Cake\View\View::render() - CORE\src\View\View.php, line 587
Cake\Controller\Controller::render() - CORE\src\Controller\Controller.php, line 611
Cake\Routing\Dispatcher::_invoke() - CORE\src\Routing\Dispatcher.php, line 120
Cake\Routing\Dispatcher::dispatch() - CORE\src\Routing\Dispatcher.php, line 87
[main] - ROOT\webroot\index.php, line 37



2016-03-06 18:18:54 Notice: Deprecated (16384): Using key `action` is deprecated, use `url` directly instead. in [C:\xampp\htdocs\cakephp3\vendor\cakephp\cakephp\src\View\Helper\FormHelper.php, line 360]
Trace:
Cake\Error\BaseErrorHandler::handleError() - CORE\src\Error\BaseErrorHandler.php, line 147
Cake\View\Helper\FormHelper::create() - CORE\src\View\Helper\FormHelper.php, line 360
include - APP/Template\PostTable\index.ctp, line 11
Cake\View\View::_evaluate() - CORE\src\View\View.php, line 992
Cake\View\View::_render() - CORE\src\View\View.php, line 952
Cake\View\View::render() - CORE\src\View\View.php, line 587
Cake\Controller\Controller::render() - CORE\src\Controller\Controller.php, line 611
Cake\Routing\Dispatcher::_invoke() - CORE\src\Routing\Dispatcher.php, line 120
Cake\Routing\Dispatcher::dispatch() - CORE\src\Routing\Dispatcher.php, line 87
[main] - ROOT\webroot\index.php, line 37



2016-03-06 18:20:35 Notice: Deprecated (16384): Using key `action` is deprecated, use `url` directly instead. in [C:\xampp\htdocs\cakephp3\vendor\cakephp\cakephp\src\View\Helper\FormHelper.php, line 360]
Trace:
Cake\Error\BaseErrorHandler::handleError() - CORE\src\Error\BaseErrorHandler.php, line 147
Cake\View\Helper\FormHelper::create() - CORE\src\View\Helper\FormHelper.php, line 360
include - APP/Template\PostTable\index.ctp, line 11
Cake\View\View::_evaluate() - CORE\src\View\View.php, line 992
Cake\View\View::_render() - CORE\src\View\View.php, line 952
Cake\View\View::render() - CORE\src\View\View.php, line 587
Cake\Controller\Controller::render() - CORE\src\Controller\Controller.php, line 611
Cake\Routing\Dispatcher::_invoke() - CORE\src\Routing\Dispatcher.php, line 120
Cake\Routing\Dispatcher::dispatch() - CORE\src\Routing\Dispatcher.php, line 87
[main] - ROOT\webroot\index.php, line 37



2016-03-06 18:25:12 Notice: Notice (8): Undefined variable: postEntity in [C:\xampp\htdocs\cakephp3\src\Template\PostTable\index.ctp, line 11]
Trace:
Cake\Error\BaseErrorHandler::handleError() - CORE\src\Error\BaseErrorHandler.php, line 147
include - APP/Template\PostTable\index.ctp, line 11
Cake\View\View::_evaluate() - CORE\src\View\View.php, line 992
Cake\View\View::_render() - CORE\src\View\View.php, line 952
Cake\View\View::render() - CORE\src\View\View.php, line 587
Cake\Controller\Controller::render() - CORE\src\Controller\Controller.php, line 611
Cake\Routing\Dispatcher::_invoke() - CORE\src\Routing\Dispatcher.php, line 120
Cake\Routing\Dispatcher::dispatch() - CORE\src\Routing\Dispatcher.php, line 87
[main] - ROOT\webroot\index.php, line 37



2016-03-06 18:25:50 Notice: Notice (8): Undefined variable: postEntity in [C:\xampp\htdocs\cakephp3\src\Template\PostTable\index.ctp, line 11]
Trace:
Cake\Error\BaseErrorHandler::handleError() - CORE\src\Error\BaseErrorHandler.php, line 147
include - APP/Template\PostTable\index.ctp, line 11
Cake\View\View::_evaluate() - CORE\src\View\View.php, line 992
Cake\View\View::_render() - CORE\src\View\View.php, line 952
Cake\View\View::render() - CORE\src\View\View.php, line 587
Cake\Controller\Controller::render() - CORE\src\Controller\Controller.php, line 611
Cake\Routing\Dispatcher::_invoke() - CORE\src\Routing\Dispatcher.php, line 120
Cake\Routing\Dispatcher::dispatch() - CORE\src\Routing\Dispatcher.php, line 87
[main] - ROOT\webroot\index.php, line 37



2016-03-06 18:31:37 Notice: Notice (8): Undefined variable: postEn in [C:\xampp\htdocs\cakephp3\src\Template\PostTable\index.ctp, line 11]
Trace:
Cake\Error\BaseErrorHandler::handleError() - CORE\src\Error\BaseErrorHandler.php, line 147
include - APP/Template\PostTable\index.ctp, line 11
Cake\View\View::_evaluate() - CORE\src\View\View.php, line 992
Cake\View\View::_render() - CORE\src\View\View.php, line 952
Cake\View\View::render() - CORE\src\View\View.php, line 587
Cake\Controller\Controller::render() - CORE\src\Controller\Controller.php, line 611
Cake\Routing\Dispatcher::_invoke() - CORE\src\Routing\Dispatcher.php, line 120
Cake\Routing\Dispatcher::dispatch() - CORE\src\Routing\Dispatcher.php, line 87
[main] - ROOT\webroot\index.php, line 37



2016-03-06 18:37:02 Notice: Notice (8): Undefined variable: post in [C:\xampp\htdocs\cakephp3\src\Template\PostTable\index.ctp, line 11]
Trace:
Cake\Error\BaseErrorHandler::handleError() - CORE\src\Error\BaseErrorHandler.php, line 147
include - APP/Template\PostTable\index.ctp, line 11
Cake\View\View::_evaluate() - CORE\src\View\View.php, line 992
Cake\View\View::_render() - CORE\src\View\View.php, line 952
Cake\View\View::render() - CORE\src\View\View.php, line 587
Cake\Controller\Controller::render() - CORE\src\Controller\Controller.php, line 611
Cake\Routing\Dispatcher::_invoke() - CORE\src\Routing\Dispatcher.php, line 120
Cake\Routing\Dispatcher::dispatch() - CORE\src\Routing\Dispatcher.php, line 87
[main] - ROOT\webroot\index.php, line 37



2016-03-06 18:38:45 Notice: Notice (8): Undefined index: pageCount in [C:\xampp\htdocs\cakephp3\vendor\cakephp\cakephp\src\View\Helper\PaginatorHelper.php, line 672]
Trace:
Cake\Error\BaseErrorHandler::handleError() - CORE\src\Error\BaseErrorHandler.php, line 147
Cake\View\Helper\PaginatorHelper::numbers() - CORE\src\View\Helper\PaginatorHelper.php, line 672
include - APP/Template\PostTable\index.ctp, line 58
Cake\View\View::_evaluate() - CORE\src\View\View.php, line 992
Cake\View\View::_render() - CORE\src\View\View.php, line 952
Cake\View\View::render() - CORE\src\View\View.php, line 587
Cake\Controller\Controller::render() - CORE\src\Controller\Controller.php, line 611
Cake\Routing\Dispatcher::_invoke() - CORE\src\Routing\Dispatcher.php, line 120
Cake\Routing\Dispatcher::dispatch() - CORE\src\Routing\Dispatcher.php, line 87
[main] - ROOT\webroot\index.php, line 37



2016-03-06 18:38:45 Notice: Notice (8): Undefined index: pageCount in [C:\xampp\htdocs\cakephp3\vendor\cakephp\cakephp\src\View\Helper\PaginatorHelper.php, line 591]
Trace:
Cake\Error\BaseErrorHandler::handleError() - CORE\src\Error\BaseErrorHandler.php, line 147
Cake\View\Helper\PaginatorHelper::counter() - CORE\src\View\Helper\PaginatorHelper.php, line 591
include - APP/Template\PostTable\index.ctp, line 61
Cake\View\View::_evaluate() - CORE\src\View\View.php, line 992
Cake\View\View::_render() - CORE\src\View\View.php, line 952
Cake\View\View::render() - CORE\src\View\View.php, line 587
Cake\Controller\Controller::render() - CORE\src\Controller\Controller.php, line 611
Cake\Routing\Dispatcher::_invoke() - CORE\src\Routing\Dispatcher.php, line 120
Cake\Routing\Dispatcher::dispatch() - CORE\src\Routing\Dispatcher.php, line 87
[main] - ROOT\webroot\index.php, line 37



2016-03-06 18:38:45 Notice: Notice (8): Undefined index: count in [C:\xampp\htdocs\cakephp3\vendor\cakephp\cakephp\src\View\Helper\PaginatorHelper.php, line 595]
Trace:
Cake\Error\BaseErrorHandler::handleError() - CORE\src\Error\BaseErrorHandler.php, line 147
Cake\View\Helper\PaginatorHelper::counter() - CORE\src\View\Helper\PaginatorHelper.php, line 595
include - APP/Template\PostTable\index.ctp, line 61
Cake\View\View::_evaluate() - CORE\src\View\View.php, line 992
Cake\View\View::_render() - CORE\src\View\View.php, line 952
Cake\View\View::render() - CORE\src\View\View.php, line 587
Cake\Controller\Controller::render() - CORE\src\Controller\Controller.php, line 611
Cake\Routing\Dispatcher::_invoke() - CORE\src\Routing\Dispatcher.php, line 120
Cake\Routing\Dispatcher::dispatch() - CORE\src\Routing\Dispatcher.php, line 87
[main] - ROOT\webroot\index.php, line 37



2016-03-06 18:38:45 Notice: Notice (8): Undefined index: perPage in [C:\xampp\htdocs\cakephp3\vendor\cakephp\cakephp\src\View\Helper\PaginatorHelper.php, line 598]
Trace:
Cake\Error\BaseErrorHandler::handleError() - CORE\src\Error\BaseErrorHandler.php, line 147
Cake\View\Helper\PaginatorHelper::counter() - CORE\src\View\Helper\PaginatorHelper.php, line 598
include - APP/Template\PostTable\index.ctp, line 61
Cake\View\View::_evaluate() - CORE\src\View\View.php, line 992
Cake\View\View::_render() - CORE\src\View\View.php, line 952
Cake\View\View::render() - CORE\src\View\View.php, line 587
Cake\Controller\Controller::render() - CORE\src\Controller\Controller.php, line 611
Cake\Routing\Dispatcher::_invoke() - CORE\src\Routing\Dispatcher.php, line 120
Cake\Routing\Dispatcher::dispatch() - CORE\src\Routing\Dispatcher.php, line 87
[main] - ROOT\webroot\index.php, line 37



2016-03-06 18:38:45 Notice: Notice (8): Undefined index: count in [C:\xampp\htdocs\cakephp3\vendor\cakephp\cakephp\src\View\Helper\PaginatorHelper.php, line 599]
Trace:
Cake\Error\BaseErrorHandler::handleError() - CORE\src\Error\BaseErrorHandler.php, line 147
Cake\View\Helper\PaginatorHelper::counter() - CORE\src\View\Helper\PaginatorHelper.php, line 599
include - APP/Template\PostTable\index.ctp, line 61
Cake\View\View::_evaluate() - CORE\src\View\View.php, line 992
Cake\View\View::_render() - CORE\src\View\View.php, line 952
Cake\View\View::render() - CORE\src\View\View.php, line 587
Cake\Controller\Controller::render() - CORE\src\Controller\Controller.php, line 611
Cake\Routing\Dispatcher::_invoke() - CORE\src\Routing\Dispatcher.php, line 120
Cake\Routing\Dispatcher::dispatch() - CORE\src\Routing\Dispatcher.php, line 87
[main] - ROOT\webroot\index.php, line 37



2016-03-06 18:38:45 Notice: Notice (8): Undefined index: count in [C:\xampp\htdocs\cakephp3\vendor\cakephp\cakephp\src\View\Helper\PaginatorHelper.php, line 600]
Trace:
Cake\Error\BaseErrorHandler::handleError() - CORE\src\Error\BaseErrorHandler.php, line 147
Cake\View\Helper\PaginatorHelper::counter() - CORE\src\View\Helper\PaginatorHelper.php, line 600
include - APP/Template\PostTable\index.ctp, line 61
Cake\View\View::_evaluate() - CORE\src\View\View.php, line 992
Cake\View\View::_render() - CORE\src\View\View.php, line 952
Cake\View\View::render() - CORE\src\View\View.php, line 587
Cake\Controller\Controller::render() - CORE\src\Controller\Controller.php, line 611
Cake\Routing\Dispatcher::_invoke() - CORE\src\Routing\Dispatcher.php, line 120
Cake\Routing\Dispatcher::dispatch() - CORE\src\Routing\Dispatcher.php, line 87
[main] - ROOT\webroot\index.php, line 37



2016-03-06 18:38:45 Notice: Notice (8): Undefined index: page in [C:\xampp\htdocs\cakephp3\vendor\cakephp\cakephp\src\View\Helper\PaginatorHelper.php, line 613]
Trace:
Cake\Error\BaseErrorHandler::handleError() - CORE\src\Error\BaseErrorHandler.php, line 147
Cake\View\Helper\PaginatorHelper::counter() - CORE\src\View\Helper\PaginatorHelper.php, line 613
include - APP/Template\PostTable\index.ctp, line 61
Cake\View\View::_evaluate() - CORE\src\View\View.php, line 992
Cake\View\View::_render() - CORE\src\View\View.php, line 952
Cake\View\View::render() - CORE\src\View\View.php, line 587
Cake\Controller\Controller::render() - CORE\src\Controller\Controller.php, line 611
Cake\Routing\Dispatcher::_invoke() - CORE\src\Routing\Dispatcher.php, line 120
Cake\Routing\Dispatcher::dispatch() - CORE\src\Routing\Dispatcher.php, line 87
[main] - ROOT\webroot\index.php, line 37



2016-03-06 18:38:45 Notice: Notice (8): Undefined index: current in [C:\xampp\htdocs\cakephp3\vendor\cakephp\cakephp\src\View\Helper\PaginatorHelper.php, line 615]
Trace:
Cake\Error\BaseErrorHandler::handleError() - CORE\src\Error\BaseErrorHandler.php, line 147
Cake\View\Helper\PaginatorHelper::counter() - CORE\src\View\Helper\PaginatorHelper.php, line 615
include - APP/Template\PostTable\index.ctp, line 61
Cake\View\View::_evaluate() - CORE\src\View\View.php, line 992
Cake\View\View::_render() - CORE\src\View\View.php, line 952
Cake\View\View::render() - CORE\src\View\View.php, line 587
Cake\Controller\Controller::render() - CORE\src\Controller\Controller.php, line 611
Cake\Routing\Dispatcher::_invoke() - CORE\src\Routing\Dispatcher.php, line 120
Cake\Routing\Dispatcher::dispatch() - CORE\src\Routing\Dispatcher.php, line 87
[main] - ROOT\webroot\index.php, line 37



2016-03-06 18:38:45 Notice: Notice (8): Undefined index: count in [C:\xampp\htdocs\cakephp3\vendor\cakephp\cakephp\src\View\Helper\PaginatorHelper.php, line 616]
Trace:
Cake\Error\BaseErrorHandler::handleError() - CORE\src\Error\BaseErrorHandler.php, line 147
Cake\View\Helper\PaginatorHelper::counter() - CORE\src\View\Helper\PaginatorHelper.php, line 616
include - APP/Template\PostTable\index.ctp, line 61
Cake\View\View::_evaluate() - CORE\src\View\View.php, line 992
Cake\View\View::_render() - CORE\src\View\View.php, line 952
Cake\View\View::render() - CORE\src\View\View.php, line 587
Cake\Controller\Controller::render() - CORE\src\Controller\Controller.php, line 611
Cake\Routing\Dispatcher::_invoke() - CORE\src\Routing\Dispatcher.php, line 120
Cake\Routing\Dispatcher::dispatch() - CORE\src\Routing\Dispatcher.php, line 87
[main] - ROOT\webroot\index.php, line 37



2016-03-06 18:38:47 Notice: Notice (8): Undefined index: pageCount in [C:\xampp\htdocs\cakephp3\vendor\cakephp\cakephp\src\View\Helper\PaginatorHelper.php, line 672]
Trace:
Cake\Error\BaseErrorHandler::handleError() - CORE\src\Error\BaseErrorHandler.php, line 147
Cake\View\Helper\PaginatorHelper::numbers() - CORE\src\View\Helper\PaginatorHelper.php, line 672
include - APP/Template\PostTable\index.ctp, line 58
Cake\View\View::_evaluate() - CORE\src\View\View.php, line 992
Cake\View\View::_render() - CORE\src\View\View.php, line 952
Cake\View\View::render() - CORE\src\View\View.php, line 587
Cake\Controller\Controller::render() - CORE\src\Controller\Controller.php, line 611
Cake\Routing\Dispatcher::_invoke() - CORE\src\Routing\Dispatcher.php, line 120
Cake\Routing\Dispatcher::dispatch() - CORE\src\Routing\Dispatcher.php, line 87
[main] - ROOT\webroot\index.php, line 37



2016-03-06 18:38:47 Notice: Notice (8): Undefined index: pageCount in [C:\xampp\htdocs\cakephp3\vendor\cakephp\cakephp\src\View\Helper\PaginatorHelper.php, line 591]
Trace:
Cake\Error\BaseErrorHandler::handleError() - CORE\src\Error\BaseErrorHandler.php, line 147
Cake\View\Helper\PaginatorHelper::counter() - CORE\src\View\Helper\PaginatorHelper.php, line 591
include - APP/Template\PostTable\index.ctp, line 61
Cake\View\View::_evaluate() - CORE\src\View\View.php, line 992
Cake\View\View::_render() - CORE\src\View\View.php, line 952
Cake\View\View::render() - CORE\src\View\View.php, line 587
Cake\Controller\Controller::render() - CORE\src\Controller\Controller.php, line 611
Cake\Routing\Dispatcher::_invoke() - CORE\src\Routing\Dispatcher.php, line 120
Cake\Routing\Dispatcher::dispatch() - CORE\src\Routing\Dispatcher.php, line 87
[main] - ROOT\webroot\index.php, line 37



2016-03-06 18:38:47 Notice: Notice (8): Undefined index: count in [C:\xampp\htdocs\cakephp3\vendor\cakephp\cakephp\src\View\Helper\PaginatorHelper.php, line 595]
Trace:
Cake\Error\BaseErrorHandler::handleError() - CORE\src\Error\BaseErrorHandler.php, line 147
Cake\View\Helper\PaginatorHelper::counter() - CORE\src\View\Helper\PaginatorHelper.php, line 595
include - APP/Template\PostTable\index.ctp, line 61
Cake\View\View::_evaluate() - CORE\src\View\View.php, line 992
Cake\View\View::_render() - CORE\src\View\View.php, line 952
Cake\View\View::render() - CORE\src\View\View.php, line 587
Cake\Controller\Controller::render() - CORE\src\Controller\Controller.php, line 611
Cake\Routing\Dispatcher::_invoke() - CORE\src\Routing\Dispatcher.php, line 120
Cake\Routing\Dispatcher::dispatch() - CORE\src\Routing\Dispatcher.php, line 87
[main] - ROOT\webroot\index.php, line 37



2016-03-06 18:38:47 Notice: Notice (8): Undefined index: perPage in [C:\xampp\htdocs\cakephp3\vendor\cakephp\cakephp\src\View\Helper\PaginatorHelper.php, line 598]
Trace:
Cake\Error\BaseErrorHandler::handleError() - CORE\src\Error\BaseErrorHandler.php, line 147
Cake\View\Helper\PaginatorHelper::counter() - CORE\src\View\Helper\PaginatorHelper.php, line 598
include - APP/Template\PostTable\index.ctp, line 61
Cake\View\View::_evaluate() - CORE\src\View\View.php, line 992
Cake\View\View::_render() - CORE\src\View\View.php, line 952
Cake\View\View::render() - CORE\src\View\View.php, line 587
Cake\Controller\Controller::render() - CORE\src\Controller\Controller.php, line 611
Cake\Routing\Dispatcher::_invoke() - CORE\src\Routing\Dispatcher.php, line 120
Cake\Routing\Dispatcher::dispatch() - CORE\src\Routing\Dispatcher.php, line 87
[main] - ROOT\webroot\index.php, line 37



2016-03-06 18:38:47 Notice: Notice (8): Undefined index: count in [C:\xampp\htdocs\cakephp3\vendor\cakephp\cakephp\src\View\Helper\PaginatorHelper.php, line 599]
Trace:
Cake\Error\BaseErrorHandler::handleError() - CORE\src\Error\BaseErrorHandler.php, line 147
Cake\View\Helper\PaginatorHelper::counter() - CORE\src\View\Helper\PaginatorHelper.php, line 599
include - APP/Template\PostTable\index.ctp, line 61
Cake\View\View::_evaluate() - CORE\src\View\View.php, line 992
Cake\View\View::_render() - CORE\src\View\View.php, line 952
Cake\View\View::render() - CORE\src\View\View.php, line 587
Cake\Controller\Controller::render() - CORE\src\Controller\Controller.php, line 611
Cake\Routing\Dispatcher::_invoke() - CORE\src\Routing\Dispatcher.php, line 120
Cake\Routing\Dispatcher::dispatch() - CORE\src\Routing\Dispatcher.php, line 87
[main] - ROOT\webroot\index.php, line 37



2016-03-06 18:38:47 Notice: Notice (8): Undefined index: count in [C:\xampp\htdocs\cakephp3\vendor\cakephp\cakephp\src\View\Helper\PaginatorHelper.php, line 600]
Trace:
Cake\Error\BaseErrorHandler::handleError() - CORE\src\Error\BaseErrorHandler.php, line 147
Cake\View\Helper\PaginatorHelper::counter() - CORE\src\View\Helper\PaginatorHelper.php, line 600
include - APP/Template\PostTable\index.ctp, line 61
Cake\View\View::_evaluate() - CORE\src\View\View.php, line 992
Cake\View\View::_render() - CORE\src\View\View.php, line 952
Cake\View\View::render() - CORE\src\View\View.php, line 587
Cake\Controller\Controller::render() - CORE\src\Controller\Controller.php, line 611
Cake\Routing\Dispatcher::_invoke() - CORE\src\Routing\Dispatcher.php, line 120
Cake\Routing\Dispatcher::dispatch() - CORE\src\Routing\Dispatcher.php, line 87
[main] - ROOT\webroot\index.php, line 37



2016-03-06 18:38:47 Notice: Notice (8): Undefined index: page in [C:\xampp\htdocs\cakephp3\vendor\cakephp\cakephp\src\View\Helper\PaginatorHelper.php, line 613]
Trace:
Cake\Error\BaseErrorHandler::handleError() - CORE\src\Error\BaseErrorHandler.php, line 147
Cake\View\Helper\PaginatorHelper::counter() - CORE\src\View\Helper\PaginatorHelper.php, line 613
include - APP/Template\PostTable\index.ctp, line 61
Cake\View\View::_evaluate() - CORE\src\View\View.php, line 992
Cake\View\View::_render() - CORE\src\View\View.php, line 952
Cake\View\View::render() - CORE\src\View\View.php, line 587
Cake\Controller\Controller::render() - CORE\src\Controller\Controller.php, line 611
Cake\Routing\Dispatcher::_invoke() - CORE\src\Routing\Dispatcher.php, line 120
Cake\Routing\Dispatcher::dispatch() - CORE\src\Routing\Dispatcher.php, line 87
[main] - ROOT\webroot\index.php, line 37



2016-03-06 18:38:47 Notice: Notice (8): Undefined index: current in [C:\xampp\htdocs\cakephp3\vendor\cakephp\cakephp\src\View\Helper\PaginatorHelper.php, line 615]
Trace:
Cake\Error\BaseErrorHandler::handleError() - CORE\src\Error\BaseErrorHandler.php, line 147
Cake\View\Helper\PaginatorHelper::counter() - CORE\src\View\Helper\PaginatorHelper.php, line 615
include - APP/Template\PostTable\index.ctp, line 61
Cake\View\View::_evaluate() - CORE\src\View\View.php, line 992
Cake\View\View::_render() - CORE\src\View\View.php, line 952
Cake\View\View::render() - CORE\src\View\View.php, line 587
Cake\Controller\Controller::render() - CORE\src\Controller\Controller.php, line 611
Cake\Routing\Dispatcher::_invoke() - CORE\src\Routing\Dispatcher.php, line 120
Cake\Routing\Dispatcher::dispatch() - CORE\src\Routing\Dispatcher.php, line 87
[main] - ROOT\webroot\index.php, line 37



2016-03-06 18:38:47 Notice: Notice (8): Undefined index: count in [C:\xampp\htdocs\cakephp3\vendor\cakephp\cakephp\src\View\Helper\PaginatorHelper.php, line 616]
Trace:
Cake\Error\BaseErrorHandler::handleError() - CORE\src\Error\BaseErrorHandler.php, line 147
Cake\View\Helper\PaginatorHelper::counter() - CORE\src\View\Helper\PaginatorHelper.php, line 616
include - APP/Template\PostTable\index.ctp, line 61
Cake\View\View::_evaluate() - CORE\src\View\View.php, line 992
Cake\View\View::_render() - CORE\src\View\View.php, line 952
Cake\View\View::render() - CORE\src\View\View.php, line 587
Cake\Controller\Controller::render() - CORE\src\Controller\Controller.php, line 611
Cake\Routing\Dispatcher::_invoke() - CORE\src\Routing\Dispatcher.php, line 120
Cake\Routing\Dispatcher::dispatch() - CORE\src\Routing\Dispatcher.php, line 87
[main] - ROOT\webroot\index.php, line 37



2016-03-06 18:41:09 Notice: Notice (8): Undefined index: pageCount in [C:\xampp\htdocs\cakephp3\vendor\cakephp\cakephp\src\View\Helper\PaginatorHelper.php, line 672]
Trace:
Cake\Error\BaseErrorHandler::handleError() - CORE\src\Error\BaseErrorHandler.php, line 147
Cake\View\Helper\PaginatorHelper::numbers() - CORE\src\View\Helper\PaginatorHelper.php, line 672
include - APP/Template\PostTable\index.ctp, line 58
Cake\View\View::_evaluate() - CORE\src\View\View.php, line 992
Cake\View\View::_render() - CORE\src\View\View.php, line 952
Cake\View\View::render() - CORE\src\View\View.php, line 587
Cake\Controller\Controller::render() - CORE\src\Controller\Controller.php, line 611
Cake\Routing\Dispatcher::_invoke() - CORE\src\Routing\Dispatcher.php, line 120
Cake\Routing\Dispatcher::dispatch() - CORE\src\Routing\Dispatcher.php, line 87
[main] - ROOT\webroot\index.php, line 37



2016-03-06 18:41:09 Notice: Notice (8): Undefined index: pageCount in [C:\xampp\htdocs\cakephp3\vendor\cakephp\cakephp\src\View\Helper\PaginatorHelper.php, line 591]
Trace:
Cake\Error\BaseErrorHandler::handleError() - CORE\src\Error\BaseErrorHandler.php, line 147
Cake\View\Helper\PaginatorHelper::counter() - CORE\src\View\Helper\PaginatorHelper.php, line 591
include - APP/Template\PostTable\index.ctp, line 61
Cake\View\View::_evaluate() - CORE\src\View\View.php, line 992
Cake\View\View::_render() - CORE\src\View\View.php, line 952
Cake\View\View::render() - CORE\src\View\View.php, line 587
Cake\Controller\Controller::render() - CORE\src\Controller\Controller.php, line 611
Cake\Routing\Dispatcher::_invoke() - CORE\src\Routing\Dispatcher.php, line 120
Cake\Routing\Dispatcher::dispatch() - CORE\src\Routing\Dispatcher.php, line 87
[main] - ROOT\webroot\index.php, line 37



2016-03-06 18:41:09 Notice: Notice (8): Undefined index: count in [C:\xampp\htdocs\cakephp3\vendor\cakephp\cakephp\src\View\Helper\PaginatorHelper.php, line 595]
Trace:
Cake\Error\BaseErrorHandler::handleError() - CORE\src\Error\BaseErrorHandler.php, line 147
Cake\View\Helper\PaginatorHelper::counter() - CORE\src\View\Helper\PaginatorHelper.php, line 595
include - APP/Template\PostTable\index.ctp, line 61
Cake\View\View::_evaluate() - CORE\src\View\View.php, line 992
Cake\View\View::_render() - CORE\src\View\View.php, line 952
Cake\View\View::render() - CORE\src\View\View.php, line 587
Cake\Controller\Controller::render() - CORE\src\Controller\Controller.php, line 611
Cake\Routing\Dispatcher::_invoke() - CORE\src\Routing\Dispatcher.php, line 120
Cake\Routing\Dispatcher::dispatch() - CORE\src\Routing\Dispatcher.php, line 87
[main] - ROOT\webroot\index.php, line 37



2016-03-06 18:41:09 Notice: Notice (8): Undefined index: perPage in [C:\xampp\htdocs\cakephp3\vendor\cakephp\cakephp\src\View\Helper\PaginatorHelper.php, line 598]
Trace:
Cake\Error\BaseErrorHandler::handleError() - CORE\src\Error\BaseErrorHandler.php, line 147
Cake\View\Helper\PaginatorHelper::counter() - CORE\src\View\Helper\PaginatorHelper.php, line 598
include - APP/Template\PostTable\index.ctp, line 61
Cake\View\View::_evaluate() - CORE\src\View\View.php, line 992
Cake\View\View::_render() - CORE\src\View\View.php, line 952
Cake\View\View::render() - CORE\src\View\View.php, line 587
Cake\Controller\Controller::render() - CORE\src\Controller\Controller.php, line 611
Cake\Routing\Dispatcher::_invoke() - CORE\src\Routing\Dispatcher.php, line 120
Cake\Routing\Dispatcher::dispatch() - CORE\src\Routing\Dispatcher.php, line 87
[main] - ROOT\webroot\index.php, line 37



2016-03-06 18:41:09 Notice: Notice (8): Undefined index: count in [C:\xampp\htdocs\cakephp3\vendor\cakephp\cakephp\src\View\Helper\PaginatorHelper.php, line 599]
Trace:
Cake\Error\BaseErrorHandler::handleError() - CORE\src\Error\BaseErrorHandler.php, line 147
Cake\View\Helper\PaginatorHelper::counter() - CORE\src\View\Helper\PaginatorHelper.php, line 599
include - APP/Template\PostTable\index.ctp, line 61
Cake\View\View::_evaluate() - CORE\src\View\View.php, line 992
Cake\View\View::_render() - CORE\src\View\View.php, line 952
Cake\View\View::render() - CORE\src\View\View.php, line 587
Cake\Controller\Controller::render() - CORE\src\Controller\Controller.php, line 611
Cake\Routing\Dispatcher::_invoke() - CORE\src\Routing\Dispatcher.php, line 120
Cake\Routing\Dispatcher::dispatch() - CORE\src\Routing\Dispatcher.php, line 87
[main] - ROOT\webroot\index.php, line 37



2016-03-06 18:41:09 Notice: Notice (8): Undefined index: count in [C:\xampp\htdocs\cakephp3\vendor\cakephp\cakephp\src\View\Helper\PaginatorHelper.php, line 600]
Trace:
Cake\Error\BaseErrorHandler::handleError() - CORE\src\Error\BaseErrorHandler.php, line 147
Cake\View\Helper\PaginatorHelper::counter() - CORE\src\View\Helper\PaginatorHelper.php, line 600
include - APP/Template\PostTable\index.ctp, line 61
Cake\View\View::_evaluate() - CORE\src\View\View.php, line 992
Cake\View\View::_render() - CORE\src\View\View.php, line 952
Cake\View\View::render() - CORE\src\View\View.php, line 587
Cake\Controller\Controller::render() - CORE\src\Controller\Controller.php, line 611
Cake\Routing\Dispatcher::_invoke() - CORE\src\Routing\Dispatcher.php, line 120
Cake\Routing\Dispatcher::dispatch() - CORE\src\Routing\Dispatcher.php, line 87
[main] - ROOT\webroot\index.php, line 37



2016-03-06 18:41:09 Notice: Notice (8): Undefined index: page in [C:\xampp\htdocs\cakephp3\vendor\cakephp\cakephp\src\View\Helper\PaginatorHelper.php, line 613]
Trace:
Cake\Error\BaseErrorHandler::handleError() - CORE\src\Error\BaseErrorHandler.php, line 147
Cake\View\Helper\PaginatorHelper::counter() - CORE\src\View\Helper\PaginatorHelper.php, line 613
include - APP/Template\PostTable\index.ctp, line 61
Cake\View\View::_evaluate() - CORE\src\View\View.php, line 992
Cake\View\View::_render() - CORE\src\View\View.php, line 952
Cake\View\View::render() - CORE\src\View\View.php, line 587
Cake\Controller\Controller::render() - CORE\src\Controller\Controller.php, line 611
Cake\Routing\Dispatcher::_invoke() - CORE\src\Routing\Dispatcher.php, line 120
Cake\Routing\Dispatcher::dispatch() - CORE\src\Routing\Dispatcher.php, line 87
[main] - ROOT\webroot\index.php, line 37



2016-03-06 18:41:09 Notice: Notice (8): Undefined index: current in [C:\xampp\htdocs\cakephp3\vendor\cakephp\cakephp\src\View\Helper\PaginatorHelper.php, line 615]
Trace:
Cake\Error\BaseErrorHandler::handleError() - CORE\src\Error\BaseErrorHandler.php, line 147
Cake\View\Helper\PaginatorHelper::counter() - CORE\src\View\Helper\PaginatorHelper.php, line 615
include - APP/Template\PostTable\index.ctp, line 61
Cake\View\View::_evaluate() - CORE\src\View\View.php, line 992
Cake\View\View::_render() - CORE\src\View\View.php, line 952
Cake\View\View::render() - CORE\src\View\View.php, line 587
Cake\Controller\Controller::render() - CORE\src\Controller\Controller.php, line 611
Cake\Routing\Dispatcher::_invoke() - CORE\src\Routing\Dispatcher.php, line 120
Cake\Routing\Dispatcher::dispatch() - CORE\src\Routing\Dispatcher.php, line 87
[main] - ROOT\webroot\index.php, line 37



2016-03-06 18:41:09 Notice: Notice (8): Undefined index: count in [C:\xampp\htdocs\cakephp3\vendor\cakephp\cakephp\src\View\Helper\PaginatorHelper.php, line 616]
Trace:
Cake\Error\BaseErrorHandler::handleError() - CORE\src\Error\BaseErrorHandler.php, line 147
Cake\View\Helper\PaginatorHelper::counter() - CORE\src\View\Helper\PaginatorHelper.php, line 616
include - APP/Template\PostTable\index.ctp, line 61
Cake\View\View::_evaluate() - CORE\src\View\View.php, line 992
Cake\View\View::_render() - CORE\src\View\View.php, line 952
Cake\View\View::render() - CORE\src\View\View.php, line 587
Cake\Controller\Controller::render() - CORE\src\Controller\Controller.php, line 611
Cake\Routing\Dispatcher::_invoke() - CORE\src\Routing\Dispatcher.php, line 120
Cake\Routing\Dispatcher::dispatch() - CORE\src\Routing\Dispatcher.php, line 87
[main] - ROOT\webroot\index.php, line 37



2016-03-06 18:41:12 Notice: Notice (8): Undefined index: pageCount in [C:\xampp\htdocs\cakephp3\vendor\cakephp\cakephp\src\View\Helper\PaginatorHelper.php, line 672]
Trace:
Cake\Error\BaseErrorHandler::handleError() - CORE\src\Error\BaseErrorHandler.php, line 147
Cake\View\Helper\PaginatorHelper::numbers() - CORE\src\View\Helper\PaginatorHelper.php, line 672
include - APP/Template\PostTable\index.ctp, line 58
Cake\View\View::_evaluate() - CORE\src\View\View.php, line 992
Cake\View\View::_render() - CORE\src\View\View.php, line 952
Cake\View\View::render() - CORE\src\View\View.php, line 587
Cake\Controller\Controller::render() - CORE\src\Controller\Controller.php, line 611
Cake\Routing\Dispatcher::_invoke() - CORE\src\Routing\Dispatcher.php, line 120
Cake\Routing\Dispatcher::dispatch() - CORE\src\Routing\Dispatcher.php, line 87
[main] - ROOT\webroot\index.php, line 37



2016-03-06 18:41:12 Notice: Notice (8): Undefined index: pageCount in [C:\xampp\htdocs\cakephp3\vendor\cakephp\cakephp\src\View\Helper\PaginatorHelper.php, line 591]
Trace:
Cake\Error\BaseErrorHandler::handleError() - CORE\src\Error\BaseErrorHandler.php, line 147
Cake\View\Helper\PaginatorHelper::counter() - CORE\src\View\Helper\PaginatorHelper.php, line 591
include - APP/Template\PostTable\index.ctp, line 61
Cake\View\View::_evaluate() - CORE\src\View\View.php, line 992
Cake\View\View::_render() - CORE\src\View\View.php, line 952
Cake\View\View::render() - CORE\src\View\View.php, line 587
Cake\Controller\Controller::render() - CORE\src\Controller\Controller.php, line 611
Cake\Routing\Dispatcher::_invoke() - CORE\src\Routing\Dispatcher.php, line 120
Cake\Routing\Dispatcher::dispatch() - CORE\src\Routing\Dispatcher.php, line 87
[main] - ROOT\webroot\index.php, line 37



2016-03-06 18:41:12 Notice: Notice (8): Undefined index: count in [C:\xampp\htdocs\cakephp3\vendor\cakephp\cakephp\src\View\Helper\PaginatorHelper.php, line 595]
Trace:
Cake\Error\BaseErrorHandler::handleError() - CORE\src\Error\BaseErrorHandler.php, line 147
Cake\View\Helper\PaginatorHelper::counter() - CORE\src\View\Helper\PaginatorHelper.php, line 595
include - APP/Template\PostTable\index.ctp, line 61
Cake\View\View::_evaluate() - CORE\src\View\View.php, line 992
Cake\View\View::_render() - CORE\src\View\View.php, line 952
Cake\View\View::render() - CORE\src\View\View.php, line 587
Cake\Controller\Controller::render() - CORE\src\Controller\Controller.php, line 611
Cake\Routing\Dispatcher::_invoke() - CORE\src\Routing\Dispatcher.php, line 120
Cake\Routing\Dispatcher::dispatch() - CORE\src\Routing\Dispatcher.php, line 87
[main] - ROOT\webroot\index.php, line 37



2016-03-06 18:41:12 Notice: Notice (8): Undefined index: perPage in [C:\xampp\htdocs\cakephp3\vendor\cakephp\cakephp\src\View\Helper\PaginatorHelper.php, line 598]
Trace:
Cake\Error\BaseErrorHandler::handleError() - CORE\src\Error\BaseErrorHandler.php, line 147
Cake\View\Helper\PaginatorHelper::counter() - CORE\src\View\Helper\PaginatorHelper.php, line 598
include - APP/Template\PostTable\index.ctp, line 61
Cake\View\View::_evaluate() - CORE\src\View\View.php, line 992
Cake\View\View::_render() - CORE\src\View\View.php, line 952
Cake\View\View::render() - CORE\src\View\View.php, line 587
Cake\Controller\Controller::render() - CORE\src\Controller\Controller.php, line 611
Cake\Routing\Dispatcher::_invoke() - CORE\src\Routing\Dispatcher.php, line 120
Cake\Routing\Dispatcher::dispatch() - CORE\src\Routing\Dispatcher.php, line 87
[main] - ROOT\webroot\index.php, line 37



2016-03-06 18:41:12 Notice: Notice (8): Undefined index: count in [C:\xampp\htdocs\cakephp3\vendor\cakephp\cakephp\src\View\Helper\PaginatorHelper.php, line 599]
Trace:
Cake\Error\BaseErrorHandler::handleError() - CORE\src\Error\BaseErrorHandler.php, line 147
Cake\View\Helper\PaginatorHelper::counter() - CORE\src\View\Helper\PaginatorHelper.php, line 599
include - APP/Template\PostTable\index.ctp, line 61
Cake\View\View::_evaluate() - CORE\src\View\View.php, line 992
Cake\View\View::_render() - CORE\src\View\View.php, line 952
Cake\View\View::render() - CORE\src\View\View.php, line 587
Cake\Controller\Controller::render() - CORE\src\Controller\Controller.php, line 611
Cake\Routing\Dispatcher::_invoke() - CORE\src\Routing\Dispatcher.php, line 120
Cake\Routing\Dispatcher::dispatch() - CORE\src\Routing\Dispatcher.php, line 87
[main] - ROOT\webroot\index.php, line 37



2016-03-06 18:41:12 Notice: Notice (8): Undefined index: count in [C:\xampp\htdocs\cakephp3\vendor\cakephp\cakephp\src\View\Helper\PaginatorHelper.php, line 600]
Trace:
Cake\Error\BaseErrorHandler::handleError() - CORE\src\Error\BaseErrorHandler.php, line 147
Cake\View\Helper\PaginatorHelper::counter() - CORE\src\View\Helper\PaginatorHelper.php, line 600
include - APP/Template\PostTable\index.ctp, line 61
Cake\View\View::_evaluate() - CORE\src\View\View.php, line 992
Cake\View\View::_render() - CORE\src\View\View.php, line 952
Cake\View\View::render() - CORE\src\View\View.php, line 587
Cake\Controller\Controller::render() - CORE\src\Controller\Controller.php, line 611
Cake\Routing\Dispatcher::_invoke() - CORE\src\Routing\Dispatcher.php, line 120
Cake\Routing\Dispatcher::dispatch() - CORE\src\Routing\Dispatcher.php, line 87
[main] - ROOT\webroot\index.php, line 37



2016-03-06 18:41:12 Notice: Notice (8): Undefined index: page in [C:\xampp\htdocs\cakephp3\vendor\cakephp\cakephp\src\View\Helper\PaginatorHelper.php, line 613]
Trace:
Cake\Error\BaseErrorHandler::handleError() - CORE\src\Error\BaseErrorHandler.php, line 147
Cake\View\Helper\PaginatorHelper::counter() - CORE\src\View\Helper\PaginatorHelper.php, line 613
include - APP/Template\PostTable\index.ctp, line 61
Cake\View\View::_evaluate() - CORE\src\View\View.php, line 992
Cake\View\View::_render() - CORE\src\View\View.php, line 952
Cake\View\View::render() - CORE\src\View\View.php, line 587
Cake\Controller\Controller::render() - CORE\src\Controller\Controller.php, line 611
Cake\Routing\Dispatcher::_invoke() - CORE\src\Routing\Dispatcher.php, line 120
Cake\Routing\Dispatcher::dispatch() - CORE\src\Routing\Dispatcher.php, line 87
[main] - ROOT\webroot\index.php, line 37



2016-03-06 18:41:12 Notice: Notice (8): Undefined index: current in [C:\xampp\htdocs\cakephp3\vendor\cakephp\cakephp\src\View\Helper\PaginatorHelper.php, line 615]
Trace:
Cake\Error\BaseErrorHandler::handleError() - CORE\src\Error\BaseErrorHandler.php, line 147
Cake\View\Helper\PaginatorHelper::counter() - CORE\src\View\Helper\PaginatorHelper.php, line 615
include - APP/Template\PostTable\index.ctp, line 61
Cake\View\View::_evaluate() - CORE\src\View\View.php, line 992
Cake\View\View::_render() - CORE\src\View\View.php, line 952
Cake\View\View::render() - CORE\src\View\View.php, line 587
Cake\Controller\Controller::render() - CORE\src\Controller\Controller.php, line 611
Cake\Routing\Dispatcher::_invoke() - CORE\src\Routing\Dispatcher.php, line 120
Cake\Routing\Dispatcher::dispatch() - CORE\src\Routing\Dispatcher.php, line 87
[main] - ROOT\webroot\index.php, line 37



2016-03-06 18:41:12 Notice: Notice (8): Undefined index: count in [C:\xampp\htdocs\cakephp3\vendor\cakephp\cakephp\src\View\Helper\PaginatorHelper.php, line 616]
Trace:
Cake\Error\BaseErrorHandler::handleError() - CORE\src\Error\BaseErrorHandler.php, line 147
Cake\View\Helper\PaginatorHelper::counter() - CORE\src\View\Helper\PaginatorHelper.php, line 616
include - APP/Template\PostTable\index.ctp, line 61
Cake\View\View::_evaluate() - CORE\src\View\View.php, line 992
Cake\View\View::_render() - CORE\src\View\View.php, line 952
Cake\View\View::render() - CORE\src\View\View.php, line 587
Cake\Controller\Controller::render() - CORE\src\Controller\Controller.php, line 611
Cake\Routing\Dispatcher::_invoke() - CORE\src\Routing\Dispatcher.php, line 120
Cake\Routing\Dispatcher::dispatch() - CORE\src\Routing\Dispatcher.php, line 87
[main] - ROOT\webroot\index.php, line 37



2016-03-06 18:41:19 Notice: Notice (8): Undefined index: pageCount in [C:\xampp\htdocs\cakephp3\vendor\cakephp\cakephp\src\View\Helper\PaginatorHelper.php, line 672]
Trace:
Cake\Error\BaseErrorHandler::handleError() - CORE\src\Error\BaseErrorHandler.php, line 147
Cake\View\Helper\PaginatorHelper::numbers() - CORE\src\View\Helper\PaginatorHelper.php, line 672
include - APP/Template\PostTable\index.ctp, line 58
Cake\View\View::_evaluate() - CORE\src\View\View.php, line 992
Cake\View\View::_render() - CORE\src\View\View.php, line 952
Cake\View\View::render() - CORE\src\View\View.php, line 587
Cake\Controller\Controller::render() - CORE\src\Controller\Controller.php, line 611
Cake\Routing\Dispatcher::_invoke() - CORE\src\Routing\Dispatcher.php, line 120
Cake\Routing\Dispatcher::dispatch() - CORE\src\Routing\Dispatcher.php, line 87
[main] - ROOT\webroot\index.php, line 37



2016-03-06 18:41:19 Notice: Notice (8): Undefined index: pageCount in [C:\xampp\htdocs\cakephp3\vendor\cakephp\cakephp\src\View\Helper\PaginatorHelper.php, line 591]
Trace:
Cake\Error\BaseErrorHandler::handleError() - CORE\src\Error\BaseErrorHandler.php, line 147
Cake\View\Helper\PaginatorHelper::counter() - CORE\src\View\Helper\PaginatorHelper.php, line 591
include - APP/Template\PostTable\index.ctp, line 61
Cake\View\View::_evaluate() - CORE\src\View\View.php, line 992
Cake\View\View::_render() - CORE\src\View\View.php, line 952
Cake\View\View::render() - CORE\src\View\View.php, line 587
Cake\Controller\Controller::render() - CORE\src\Controller\Controller.php, line 611
Cake\Routing\Dispatcher::_invoke() - CORE\src\Routing\Dispatcher.php, line 120
Cake\Routing\Dispatcher::dispatch() - CORE\src\Routing\Dispatcher.php, line 87
[main] - ROOT\webroot\index.php, line 37



2016-03-06 18:41:19 Notice: Notice (8): Undefined index: count in [C:\xampp\htdocs\cakephp3\vendor\cakephp\cakephp\src\View\Helper\PaginatorHelper.php, line 595]
Trace:
Cake\Error\BaseErrorHandler::handleError() - CORE\src\Error\BaseErrorHandler.php, line 147
Cake\View\Helper\PaginatorHelper::counter() - CORE\src\View\Helper\PaginatorHelper.php, line 595
include - APP/Template\PostTable\index.ctp, line 61
Cake\View\View::_evaluate() - CORE\src\View\View.php, line 992
Cake\View\View::_render() - CORE\src\View\View.php, line 952
Cake\View\View::render() - CORE\src\View\View.php, line 587
Cake\Controller\Controller::render() - CORE\src\Controller\Controller.php, line 611
Cake\Routing\Dispatcher::_invoke() - CORE\src\Routing\Dispatcher.php, line 120
Cake\Routing\Dispatcher::dispatch() - CORE\src\Routing\Dispatcher.php, line 87
[main] - ROOT\webroot\index.php, line 37



2016-03-06 18:41:19 Notice: Notice (8): Undefined index: perPage in [C:\xampp\htdocs\cakephp3\vendor\cakephp\cakephp\src\View\Helper\PaginatorHelper.php, line 598]
Trace:
Cake\Error\BaseErrorHandler::handleError() - CORE\src\Error\BaseErrorHandler.php, line 147
Cake\View\Helper\PaginatorHelper::counter() - CORE\src\View\Helper\PaginatorHelper.php, line 598
include - APP/Template\PostTable\index.ctp, line 61
Cake\View\View::_evaluate() - CORE\src\View\View.php, line 992
Cake\View\View::_render() - CORE\src\View\View.php, line 952
Cake\View\View::render() - CORE\src\View\View.php, line 587
Cake\Controller\Controller::render() - CORE\src\Controller\Controller.php, line 611
Cake\Routing\Dispatcher::_invoke() - CORE\src\Routing\Dispatcher.php, line 120
Cake\Routing\Dispatcher::dispatch() - CORE\src\Routing\Dispatcher.php, line 87
[main] - ROOT\webroot\index.php, line 37



2016-03-06 18:41:19 Notice: Notice (8): Undefined index: count in [C:\xampp\htdocs\cakephp3\vendor\cakephp\cakephp\src\View\Helper\PaginatorHelper.php, line 599]
Trace:
Cake\Error\BaseErrorHandler::handleError() - CORE\src\Error\BaseErrorHandler.php, line 147
Cake\View\Helper\PaginatorHelper::counter() - CORE\src\View\Helper\PaginatorHelper.php, line 599
include - APP/Template\PostTable\index.ctp, line 61
Cake\View\View::_evaluate() - CORE\src\View\View.php, line 992
Cake\View\View::_render() - CORE\src\View\View.php, line 952
Cake\View\View::render() - CORE\src\View\View.php, line 587
Cake\Controller\Controller::render() - CORE\src\Controller\Controller.php, line 611
Cake\Routing\Dispatcher::_invoke() - CORE\src\Routing\Dispatcher.php, line 120
Cake\Routing\Dispatcher::dispatch() - CORE\src\Routing\Dispatcher.php, line 87
[main] - ROOT\webroot\index.php, line 37



2016-03-06 18:41:19 Notice: Notice (8): Undefined index: count in [C:\xampp\htdocs\cakephp3\vendor\cakephp\cakephp\src\View\Helper\PaginatorHelper.php, line 600]
Trace:
Cake\Error\BaseErrorHandler::handleError() - CORE\src\Error\BaseErrorHandler.php, line 147
Cake\View\Helper\PaginatorHelper::counter() - CORE\src\View\Helper\PaginatorHelper.php, line 600
include - APP/Template\PostTable\index.ctp, line 61
Cake\View\View::_evaluate() - CORE\src\View\View.php, line 992
Cake\View\View::_render() - CORE\src\View\View.php, line 952
Cake\View\View::render() - CORE\src\View\View.php, line 587
Cake\Controller\Controller::render() - CORE\src\Controller\Controller.php, line 611
Cake\Routing\Dispatcher::_invoke() - CORE\src\Routing\Dispatcher.php, line 120
Cake\Routing\Dispatcher::dispatch() - CORE\src\Routing\Dispatcher.php, line 87
[main] - ROOT\webroot\index.php, line 37



2016-03-06 18:41:19 Notice: Notice (8): Undefined index: page in [C:\xampp\htdocs\cakephp3\vendor\cakephp\cakephp\src\View\Helper\PaginatorHelper.php, line 613]
Trace:
Cake\Error\BaseErrorHandler::handleError() - CORE\src\Error\BaseErrorHandler.php, line 147
Cake\View\Helper\PaginatorHelper::counter() - CORE\src\View\Helper\PaginatorHelper.php, line 613
include - APP/Template\PostTable\index.ctp, line 61
Cake\View\View::_evaluate() - CORE\src\View\View.php, line 992
Cake\View\View::_render() - CORE\src\View\View.php, line 952
Cake\View\View::render() - CORE\src\View\View.php, line 587
Cake\Controller\Controller::render() - CORE\src\Controller\Controller.php, line 611
Cake\Routing\Dispatcher::_invoke() - CORE\src\Routing\Dispatcher.php, line 120
Cake\Routing\Dispatcher::dispatch() - CORE\src\Routing\Dispatcher.php, line 87
[main] - ROOT\webroot\index.php, line 37



2016-03-06 18:41:19 Notice: Notice (8): Undefined index: current in [C:\xampp\htdocs\cakephp3\vendor\cakephp\cakephp\src\View\Helper\PaginatorHelper.php, line 615]
Trace:
Cake\Error\BaseErrorHandler::handleError() - CORE\src\Error\BaseErrorHandler.php, line 147
Cake\View\Helper\PaginatorHelper::counter() - CORE\src\View\Helper\PaginatorHelper.php, line 615
include - APP/Template\PostTable\index.ctp, line 61
Cake\View\View::_evaluate() - CORE\src\View\View.php, line 992
Cake\View\View::_render() - CORE\src\View\View.php, line 952
Cake\View\View::render() - CORE\src\View\View.php, line 587
Cake\Controller\Controller::render() - CORE\src\Controller\Controller.php, line 611
Cake\Routing\Dispatcher::_invoke() - CORE\src\Routing\Dispatcher.php, line 120
Cake\Routing\Dispatcher::dispatch() - CORE\src\Routing\Dispatcher.php, line 87
[main] - ROOT\webroot\index.php, line 37



2016-03-06 18:41:19 Notice: Notice (8): Undefined index: count in [C:\xampp\htdocs\cakephp3\vendor\cakephp\cakephp\src\View\Helper\PaginatorHelper.php, line 616]
Trace:
Cake\Error\BaseErrorHandler::handleError() - CORE\src\Error\BaseErrorHandler.php, line 147
Cake\View\Helper\PaginatorHelper::counter() - CORE\src\View\Helper\PaginatorHelper.php, line 616
include - APP/Template\PostTable\index.ctp, line 61
Cake\View\View::_evaluate() - CORE\src\View\View.php, line 992
Cake\View\View::_render() - CORE\src\View\View.php, line 952
Cake\View\View::render() - CORE\src\View\View.php, line 587
Cake\Controller\Controller::render() - CORE\src\Controller\Controller.php, line 611
Cake\Routing\Dispatcher::_invoke() - CORE\src\Routing\Dispatcher.php, line 120
Cake\Routing\Dispatcher::dispatch() - CORE\src\Routing\Dispatcher.php, line 87
[main] - ROOT\webroot\index.php, line 37



2016-03-06 19:16:12 Notice: Notice (8): Undefined variable: tableObj in [C:\xampp\htdocs\cakephp3\src\Controller\PostTableController.php, line 21]
Trace:
Cake\Error\BaseErrorHandler::handleError() - CORE\src\Error\BaseErrorHandler.php, line 147
App\Controller\PostTableController::index() - APP/Controller\PostTableController.php, line 21
Cake\Controller\Controller::invokeAction() - CORE\src\Controller\Controller.php, line 429
Cake\Routing\Dispatcher::_invoke() - CORE\src\Routing\Dispatcher.php, line 114
Cake\Routing\Dispatcher::dispatch() - CORE\src\Routing\Dispatcher.php, line 87
[main] - ROOT\webroot\index.php, line 37



2016-03-06 19:16:12 Notice: Notice (8): Trying to get property of non-object in [C:\xampp\htdocs\cakephp3\src\Controller\PostTableController.php, line 21]
Trace:
Cake\Error\BaseErrorHandler::handleError() - CORE\src\Error\BaseErrorHandler.php, line 147
App\Controller\PostTableController::index() - APP/Controller\PostTableController.php, line 21
Cake\Controller\Controller::invokeAction() - CORE\src\Controller\Controller.php, line 429
Cake\Routing\Dispatcher::_invoke() - CORE\src\Routing\Dispatcher.php, line 114
Cake\Routing\Dispatcher::dispatch() - CORE\src\Routing\Dispatcher.php, line 87
[main] - ROOT\webroot\index.php, line 37



2016-03-06 20:00:16 Notice: Notice (8): Undefined index: image in [C:\xampp\htdocs\cakephp3\src\Controller\PostTableController.php, line 27]
Trace:
Cake\Error\BaseErrorHandler::handleError() - CORE\src\Error\BaseErrorHandler.php, line 147
App\Controller\PostTableController::index() - APP/Controller\PostTableController.php, line 27
Cake\Controller\Controller::invokeAction() - CORE\src\Controller\Controller.php, line 429
Cake\Routing\Dispatcher::_invoke() - CORE\src\Routing\Dispatcher.php, line 114
Cake\Routing\Dispatcher::dispatch() - CORE\src\Routing\Dispatcher.php, line 87
[main] - ROOT\webroot\index.php, line 37



2016-03-06 20:18:49 Notice: Notice (8): Uninitialized string offset: 0 in [C:\xampp\htdocs\cakephp3\src\Controller\PostTableController.php, line 27]
Trace:
Cake\Error\BaseErrorHandler::handleError() - CORE\src\Error\BaseErrorHandler.php, line 147
App\Controller\PostTableController::index() - APP/Controller\PostTableController.php, line 27
Cake\Controller\Controller::invokeAction() - CORE\src\Controller\Controller.php, line 429
Cake\Routing\Dispatcher::_invoke() - CORE\src\Routing\Dispatcher.php, line 114
Cake\Routing\Dispatcher::dispatch() - CORE\src\Routing\Dispatcher.php, line 87
[main] - ROOT\webroot\index.php, line 37



2016-03-06 20:23:12 Notice: Notice (8): Undefined index: image in [C:\xampp\htdocs\cakephp3\src\Controller\PostTableController.php, line 27]
Trace:
Cake\Error\BaseErrorHandler::handleError() - CORE\src\Error\BaseErrorHandler.php, line 147
App\Controller\PostTableController::index() - APP/Controller\PostTableController.php, line 27
Cake\Controller\Controller::invokeAction() - CORE\src\Controller\Controller.php, line 429
Cake\Routing\Dispatcher::_invoke() - CORE\src\Routing\Dispatcher.php, line 114
Cake\Routing\Dispatcher::dispatch() - CORE\src\Routing\Dispatcher.php, line 87
[main] - ROOT\webroot\index.php, line 37



2016-03-06 20:29:42 Notice: Notice (8): Undefined index: upfile in [C:\xampp\htdocs\cakephp3\src\Controller\PostTableController.php, line 27]
Trace:
Cake\Error\BaseErrorHandler::handleError() - CORE\src\Error\BaseErrorHandler.php, line 147
App\Controller\PostTableController::index() - APP/Controller\PostTableController.php, line 27
Cake\Controller\Controller::invokeAction() - CORE\src\Controller\Controller.php, line 429
Cake\Routing\Dispatcher::_invoke() - CORE\src\Routing\Dispatcher.php, line 114
Cake\Routing\Dispatcher::dispatch() - CORE\src\Routing\Dispatcher.php, line 87
[main] - ROOT\webroot\index.php, line 37



2016-03-06 20:29:44 Notice: Notice (8): Undefined index: upfile in [C:\xampp\htdocs\cakephp3\src\Controller\PostTableController.php, line 27]
Trace:
Cake\Error\BaseErrorHandler::handleError() - CORE\src\Error\BaseErrorHandler.php, line 147
App\Controller\PostTableController::index() - APP/Controller\PostTableController.php, line 27
Cake\Controller\Controller::invokeAction() - CORE\src\Controller\Controller.php, line 429
Cake\Routing\Dispatcher::_invoke() - CORE\src\Routing\Dispatcher.php, line 114
Cake\Routing\Dispatcher::dispatch() - CORE\src\Routing\Dispatcher.php, line 87
[main] - ROOT\webroot\index.php, line 37



2016-03-06 20:29:46 Notice: Notice (8): Undefined index: upfile in [C:\xampp\htdocs\cakephp3\src\Controller\PostTableController.php, line 27]
Trace:
Cake\Error\BaseErrorHandler::handleError() - CORE\src\Error\BaseErrorHandler.php, line 147
App\Controller\PostTableController::index() - APP/Controller\PostTableController.php, line 27
Cake\Controller\Controller::invokeAction() - CORE\src\Controller\Controller.php, line 429
Cake\Routing\Dispatcher::_invoke() - CORE\src\Routing\Dispatcher.php, line 114
Cake\Routing\Dispatcher::dispatch() - CORE\src\Routing\Dispatcher.php, line 87
[main] - ROOT\webroot\index.php, line 37



2016-03-06 20:29:48 Notice: Notice (8): Undefined index: upfile in [C:\xampp\htdocs\cakephp3\src\Controller\PostTableController.php, line 27]
Trace:
Cake\Error\BaseErrorHandler::handleError() - CORE\src\Error\BaseErrorHandler.php, line 147
App\Controller\PostTableController::index() - APP/Controller\PostTableController.php, line 27
Cake\Controller\Controller::invokeAction() - CORE\src\Controller\Controller.php, line 429
Cake\Routing\Dispatcher::_invoke() - CORE\src\Routing\Dispatcher.php, line 114
Cake\Routing\Dispatcher::dispatch() - CORE\src\Routing\Dispatcher.php, line 87
[main] - ROOT\webroot\index.php, line 37



2016-03-06 20:29:51 Notice: Notice (8): Undefined index: upfile in [C:\xampp\htdocs\cakephp3\src\Controller\PostTableController.php, line 27]
Trace:
Cake\Error\BaseErrorHandler::handleError() - CORE\src\Error\BaseErrorHandler.php, line 147
App\Controller\PostTableController::index() - APP/Controller\PostTableController.php, line 27
Cake\Controller\Controller::invokeAction() - CORE\src\Controller\Controller.php, line 429
Cake\Routing\Dispatcher::_invoke() - CORE\src\Routing\Dispatcher.php, line 114
Cake\Routing\Dispatcher::dispatch() - CORE\src\Routing\Dispatcher.php, line 87
[main] - ROOT\webroot\index.php, line 37



2016-03-06 20:30:03 Notice: Notice (8): Undefined index: upfile in [C:\xampp\htdocs\cakephp3\src\Controller\PostTableController.php, line 27]
Trace:
Cake\Error\BaseErrorHandler::handleError() - CORE\src\Error\BaseErrorHandler.php, line 147
App\Controller\PostTableController::index() - APP/Controller\PostTableController.php, line 27
Cake\Controller\Controller::invokeAction() - CORE\src\Controller\Controller.php, line 429
Cake\Routing\Dispatcher::_invoke() - CORE\src\Routing\Dispatcher.php, line 114
Cake\Routing\Dispatcher::dispatch() - CORE\src\Routing\Dispatcher.php, line 87
[main] - ROOT\webroot\index.php, line 37



2016-03-06 20:30:34 Notice: Notice (8): Undefined index: upfile in [C:\xampp\htdocs\cakephp3\src\Controller\PostTableController.php, line 27]
Trace:
Cake\Error\BaseErrorHandler::handleError() - CORE\src\Error\BaseErrorHandler.php, line 147
App\Controller\PostTableController::index() - APP/Controller\PostTableController.php, line 27
Cake\Controller\Controller::invokeAction() - CORE\src\Controller\Controller.php, line 429
Cake\Routing\Dispatcher::_invoke() - CORE\src\Routing\Dispatcher.php, line 114
Cake\Routing\Dispatcher::dispatch() - CORE\src\Routing\Dispatcher.php, line 87
[main] - ROOT\webroot\index.php, line 37



2016-03-06 20:30:55 Notice: Notice (8): Undefined index: upfile in [C:\xampp\htdocs\cakephp3\src\Controller\PostTableController.php, line 27]
Trace:
Cake\Error\BaseErrorHandler::handleError() - CORE\src\Error\BaseErrorHandler.php, line 147
App\Controller\PostTableController::index() - APP/Controller\PostTableController.php, line 27
Cake\Controller\Controller::invokeAction() - CORE\src\Controller\Controller.php, line 429
Cake\Routing\Dispatcher::_invoke() - CORE\src\Routing\Dispatcher.php, line 114
Cake\Routing\Dispatcher::dispatch() - CORE\src\Routing\Dispatcher.php, line 87
[main] - ROOT\webroot\index.php, line 37



2016-03-06 20:38:10 Notice: Notice (8): Undefined index: upfile in [C:\xampp\htdocs\cakephp3\src\Controller\PostTableController.php, line 27]
Trace:
Cake\Error\BaseErrorHandler::handleError() - CORE\src\Error\BaseErrorHandler.php, line 147
App\Controller\PostTableController::index() - APP/Controller\PostTableController.php, line 27
Cake\Controller\Controller::invokeAction() - CORE\src\Controller\Controller.php, line 429
Cake\Routing\Dispatcher::_invoke() - CORE\src\Routing\Dispatcher.php, line 114
Cake\Routing\Dispatcher::dispatch() - CORE\src\Routing\Dispatcher.php, line 87
[main] - ROOT\webroot\index.php, line 37



2016-03-06 20:40:15 Notice: Notice (8): Undefined index: upfile in [C:\xampp\htdocs\cakephp3\src\Controller\PostTableController.php, line 27]
Trace:
Cake\Error\BaseErrorHandler::handleError() - CORE\src\Error\BaseErrorHandler.php, line 147
App\Controller\PostTableController::index() - APP/Controller\PostTableController.php, line 27
Cake\Controller\Controller::invokeAction() - CORE\src\Controller\Controller.php, line 429
Cake\Routing\Dispatcher::_invoke() - CORE\src\Routing\Dispatcher.php, line 114
Cake\Routing\Dispatcher::dispatch() - CORE\src\Routing\Dispatcher.php, line 87
[main] - ROOT\webroot\index.php, line 37



2016-03-06 20:54:31 Notice: Notice (8): Undefined index: upload in [C:\xampp\htdocs\cakephp3\src\Controller\PostTableController.php, line 32]
Trace:
Cake\Error\BaseErrorHandler::handleError() - CORE\src\Error\BaseErrorHandler.php, line 147
App\Controller\PostTableController::index() - APP/Controller\PostTableController.php, line 32
Cake\Controller\Controller::invokeAction() - CORE\src\Controller\Controller.php, line 429
Cake\Routing\Dispatcher::_invoke() - CORE\src\Routing\Dispatcher.php, line 114
Cake\Routing\Dispatcher::dispatch() - CORE\src\Routing\Dispatcher.php, line 87
[main] - ROOT\webroot\index.php, line 37



2016-03-06 21:03:38 Notice: Notice (8): Use of undefined constant IMAGES - assumed 'IMAGES' in [C:\xampp\htdocs\cakephp3\src\Controller\PostTableController.php, line 29]
Trace:
Cake\Error\BaseErrorHandler::handleError() - CORE\src\Error\BaseErrorHandler.php, line 147
App\Controller\PostTableController::index() - APP/Controller\PostTableController.php, line 29
Cake\Controller\Controller::invokeAction() - CORE\src\Controller\Controller.php, line 429
Cake\Routing\Dispatcher::_invoke() - CORE\src\Routing\Dispatcher.php, line 114
Cake\Routing\Dispatcher::dispatch() - CORE\src\Routing\Dispatcher.php, line 87
[main] - ROOT\webroot\index.php, line 37



2016-03-06 21:04:35 Notice: Notice (8): Use of undefined constant IMAGES - assumed 'IMAGES' in [C:\xampp\htdocs\cakephp3\src\Controller\PostTableController.php, line 29]
Trace:
Cake\Error\BaseErrorHandler::handleError() - CORE\src\Error\BaseErrorHandler.php, line 147
App\Controller\PostTableController::index() - APP/Controller\PostTableController.php, line 29
Cake\Controller\Controller::invokeAction() - CORE\src\Controller\Controller.php, line 429
Cake\Routing\Dispatcher::_invoke() - CORE\src\Routing\Dispatcher.php, line 114
Cake\Routing\Dispatcher::dispatch() - CORE\src\Routing\Dispatcher.php, line 87
[main] - ROOT\webroot\index.php, line 37



2016-03-06 21:13:53 Notice: Notice (8): Undefined variable: upload_file in [C:\xampp\htdocs\cakephp3\src\Controller\PostTableController.php, line 47]
Trace:
Cake\Error\BaseErrorHandler::handleError() - CORE\src\Error\BaseErrorHandler.php, line 147
App\Controller\PostTableController::index() - APP/Controller\PostTableController.php, line 47
Cake\Controller\Controller::invokeAction() - CORE\src\Controller\Controller.php, line 429
Cake\Routing\Dispatcher::_invoke() - CORE\src\Routing\Dispatcher.php, line 114
Cake\Routing\Dispatcher::dispatch() - CORE\src\Routing\Dispatcher.php, line 87
[main] - ROOT\webroot\index.php, line 37



2016-03-06 21:14:29 Notice: Notice (8): Undefined variable: upload_file in [C:\xampp\htdocs\cakephp3\src\Controller\PostTableController.php, line 48]
Trace:
Cake\Error\BaseErrorHandler::handleError() - CORE\src\Error\BaseErrorHandler.php, line 147
App\Controller\PostTableController::index() - APP/Controller\PostTableController.php, line 48
Cake\Controller\Controller::invokeAction() - CORE\src\Controller\Controller.php, line 429
Cake\Routing\Dispatcher::_invoke() - CORE\src\Routing\Dispatcher.php, line 114
Cake\Routing\Dispatcher::dispatch() - CORE\src\Routing\Dispatcher.php, line 87
[main] - ROOT\webroot\index.php, line 37



2016-03-06 21:58:13 Notice: Notice (8): Use of undefined constant upload_file - assumed 'upload_file' in [C:\xampp\htdocs\cakephp3\src\Controller\PostTableController.php, line 30]
Trace:
Cake\Error\BaseErrorHandler::handleError() - CORE\src\Error\BaseErrorHandler.php, line 147
App\Controller\PostTableController::index() - APP/Controller\PostTableController.php, line 30
Cake\Controller\Controller::invokeAction() - CORE\src\Controller\Controller.php, line 429
Cake\Routing\Dispatcher::_invoke() - CORE\src\Routing\Dispatcher.php, line 114
Cake\Routing\Dispatcher::dispatch() - CORE\src\Routing\Dispatcher.php, line 87
[main] - ROOT\webroot\index.php, line 37



2016-03-06 21:58:36 Notice: Notice (8): Use of undefined constant upload_file - assumed 'upload_file' in [C:\xampp\htdocs\cakephp3\src\Controller\PostTableController.php, line 30]
Trace:
Cake\Error\BaseErrorHandler::handleError() - CORE\src\Error\BaseErrorHandler.php, line 147
App\Controller\PostTableController::index() - APP/Controller\PostTableController.php, line 30
Cake\Controller\Controller::invokeAction() - CORE\src\Controller\Controller.php, line 429
Cake\Routing\Dispatcher::_invoke() - CORE\src\Routing\Dispatcher.php, line 114
Cake\Routing\Dispatcher::dispatch() - CORE\src\Routing\Dispatcher.php, line 87
[main] - ROOT\webroot\index.php, line 37



2016-03-14 04:33:49 Notice: Notice (8): Undefined variable: postEntity in [C:\xampp\htdocs\cakephp3\src\Template\PostTable\index.ctp, line 11]
Trace:
Cake\Error\BaseErrorHandler::handleError() - CORE\src\Error\BaseErrorHandler.php, line 147
include - APP/Template\PostTable\index.ctp, line 11
Cake\View\View::_evaluate() - CORE\src\View\View.php, line 992
Cake\View\View::_render() - CORE\src\View\View.php, line 952
Cake\View\View::render() - CORE\src\View\View.php, line 587
Cake\Controller\Controller::render() - CORE\src\Controller\Controller.php, line 611
Cake\Routing\Dispatcher::_invoke() - CORE\src\Routing\Dispatcher.php, line 120
Cake\Routing\Dispatcher::dispatch() - CORE\src\Routing\Dispatcher.php, line 87
[main] - ROOT\webroot\index.php, line 37



2016-03-14 04:43:50 Notice: Deprecated (16384): Using key `action` is deprecated, use `url` directly instead. in [C:\xampp\htdocs\cakephp3\vendor\cakephp\cakephp\src\View\Helper\FormHelper.php, line 360]
Trace:
Cake\Error\BaseErrorHandler::handleError() - CORE\src\Error\BaseErrorHandler.php, line 147
Cake\View\Helper\FormHelper::create() - CORE\src\View\Helper\FormHelper.php, line 360
include - APP/Template\PostTable\index.ctp, line 14
Cake\View\View::_evaluate() - CORE\src\View\View.php, line 992
Cake\View\View::_render() - CORE\src\View\View.php, line 952
Cake\View\View::render() - CORE\src\View\View.php, line 587
Cake\Controller\Controller::render() - CORE\src\Controller\Controller.php, line 611
Cake\Routing\Dispatcher::_invoke() - CORE\src\Routing\Dispatcher.php, line 120
Cake\Routing\Dispatcher::dispatch() - CORE\src\Routing\Dispatcher.php, line 87
[main] - ROOT\webroot\index.php, line 37



2016-03-14 04:50:56 Notice: Deprecated (16384): Using key `action` is deprecated, use `url` directly instead. in [C:\xampp\htdocs\cakephp3\vendor\cakephp\cakephp\src\View\Helper\FormHelper.php, line 360]
Trace:
Cake\Error\BaseErrorHandler::handleError() - CORE\src\Error\BaseErrorHandler.php, line 147
Cake\View\Helper\FormHelper::create() - CORE\src\View\Helper\FormHelper.php, line 360
include - APP/Template\PostTable\index.ctp, line 14
Cake\View\View::_evaluate() - CORE\src\View\View.php, line 992
Cake\View\View::_render() - CORE\src\View\View.php, line 952
Cake\View\View::render() - CORE\src\View\View.php, line 587
Cake\Controller\Controller::render() - CORE\src\Controller\Controller.php, line 611
Cake\Routing\Dispatcher::_invoke() - CORE\src\Routing\Dispatcher.php, line 120
Cake\Routing\Dispatcher::dispatch() - CORE\src\Routing\Dispatcher.php, line 87
[main] - ROOT\webroot\index.php, line 37



2016-03-14 04:50:59 Notice: Notice (8): Undefined variable: postEntity in [C:\xampp\htdocs\cakephp3\src\Controller\PostTableController.php, line 55]
Trace:
Cake\Error\BaseErrorHandler::handleError() - CORE\src\Error\BaseErrorHandler.php, line 147
App\Controller\PostTableController::add() - APP/Controller\PostTableController.php, line 55
Cake\Controller\Controller::invokeAction() - CORE\src\Controller\Controller.php, line 429
Cake\Routing\Dispatcher::_invoke() - CORE\src\Routing\Dispatcher.php, line 114
Cake\Routing\Dispatcher::dispatch() - CORE\src\Routing\Dispatcher.php, line 87
[main] - ROOT\webroot\index.php, line 37



2016-03-14 04:52:38 Notice: Deprecated (16384): Using key `action` is deprecated, use `url` directly instead. in [C:\xampp\htdocs\cakephp3\vendor\cakephp\cakephp\src\View\Helper\FormHelper.php, line 360]
Trace:
Cake\Error\BaseErrorHandler::handleError() - CORE\src\Error\BaseErrorHandler.php, line 147
Cake\View\Helper\FormHelper::create() - CORE\src\View\Helper\FormHelper.php, line 360
include - APP/Template\PostTable\index.ctp, line 14
Cake\View\View::_evaluate() - CORE\src\View\View.php, line 992
Cake\View\View::_render() - CORE\src\View\View.php, line 952
Cake\View\View::render() - CORE\src\View\View.php, line 587
Cake\Controller\Controller::render() - CORE\src\Controller\Controller.php, line 611
Cake\Routing\Dispatcher::_invoke() - CORE\src\Routing\Dispatcher.php, line 120
Cake\Routing\Dispatcher::dispatch() - CORE\src\Routing\Dispatcher.php, line 87
[main] - ROOT\webroot\index.php, line 37



2016-03-14 04:59:06 Notice: Notice (8): Array to string conversion in [C:\xampp\htdocs\cakephp3\vendor\cakephp\cakephp\src\View\StringTemplate.php, line 309]
Trace:
Cake\Error\BaseErrorHandler::handleError() - CORE\src\Error\BaseErrorHandler.php, line 147
implode - [internal], line ??
Cake\View\StringTemplate::_formatAttribute() - CORE\src\View\StringTemplate.php, line 309
Cake\View\StringTemplate::formatAttributes() - CORE\src\View\StringTemplate.php, line 290
Cake\View\Helper\FormHelper::create() - CORE\src\View\Helper\FormHelper.php, line 432
include - APP/Template\PostTable\index.ctp, line 14
Cake\View\View::_evaluate() - CORE\src\View\View.php, line 992
Cake\View\View::_render() - CORE\src\View\View.php, line 952
Cake\View\View::render() - CORE\src\View\View.php, line 587
Cake\Controller\Controller::render() - CORE\src\Controller\Controller.php, line 611
Cake\Routing\Dispatcher::_invoke() - CORE\src\Routing\Dispatcher.php, line 120
Cake\Routing\Dispatcher::dispatch() - CORE\src\Routing\Dispatcher.php, line 87
[main] - ROOT\webroot\index.php, line 37



